{"/workspace/src/components/ui/aspect-ratio.tsx": {"path":"/workspace/src/components/ui/aspect-ratio.tsx","statementMap":{"0":{"start":{"line":1,"column":0},"end":{"line":1,"column":68}},"1":{"start":{"line":3,"column":20},"end":{"line":3,"column":45}},"2":{"start":{"line":5,"column":9},"end":{"line":5,"column":20}}},"fnMap":{},"branchMap":{},"s":{"0":0,"1":0,"2":0},"f":{},"b":{}}
,"/workspace/src/components/ui/collapsible.tsx": {"path":"/workspace/src/components/ui/collapsible.tsx","statementMap":{"0":{"start":{"line":1,"column":0},"end":{"line":1,"column":67}},"1":{"start":{"line":3,"column":20},"end":{"line":3,"column":45}},"2":{"start":{"line":9,"column":9},"end":{"line":9,"column":20}},"3":{"start":{"line":5,"column":27},"end":{"line":5,"column":66}},"4":{"start":{"line":9,"column":22},"end":{"line":9,"column":40}},"5":{"start":{"line":7,"column":27},"end":{"line":7,"column":66}},"6":{"start":{"line":9,"column":42},"end":{"line":9,"column":60}}},"fnMap":{},"branchMap":{},"s":{"0":0,"1":0,"2":0,"3":0,"4":0,"5":0,"6":0},"f":{},"b":{}}
,"/workspace/src/components/ui/use-toast.ts": {"path":"/workspace/src/components/ui/use-toast.ts","statementMap":{"0":{"start":{"line":1,"column":0},"end":{"line":1,"column":9}},"1":{"start":{"line":3,"column":9},"end":{"line":1,"column":19}},"2":{"start":{"line":3,"column":19},"end":{"line":1,"column":52}}},"fnMap":{"0":{"name":"(anonymous_0)","decl":{"start":{"line":3,"column":9},"end":{"line":3,"column":17}},"loc":{"start":{"line":3,"column":9},"end":{"line":1,"column":19}}},"1":{"name":"(anonymous_1)","decl":{"start":{"line":3,"column":19},"end":{"line":3,"column":24}},"loc":{"start":{"line":3,"column":19},"end":{"line":1,"column":52}}}},"branchMap":{},"s":{"0":0,"1":0,"2":0},"f":{"0":0,"1":0},"b":{}}
,"/workspace/src/hooks/use-mobile.tsx": {"path":"/workspace/src/hooks/use-mobile.tsx","statementMap":{"0":{"start":{"line":5,"column":0},"end":{"line":5,"column":16}},"1":{"start":{"line":1,"column":0},"end":{"line":1,"column":30}},"2":{"start":{"line":3,"column":26},"end":{"line":3,"column":29}},"3":{"start":{"line":6,"column":34},"end":{"line":6,"column":80}},"4":{"start":{"line":8,"column":2},"end":{"line":16,"column":null}},"5":{"start":{"line":9,"column":16},"end":{"line":9,"column":76}},"6":{"start":{"line":10,"column":21},"end":{"line":12,"column":5}},"7":{"start":{"line":11,"column":6},"end":{"line":11,"column":null}},"8":{"start":{"line":13,"column":4},"end":{"line":13,"column":null}},"9":{"start":{"line":14,"column":4},"end":{"line":14,"column":null}},"10":{"start":{"line":15,"column":4},"end":{"line":15,"column":null}},"11":{"start":{"line":15,"column":17},"end":{"line":15,"column":60}},"12":{"start":{"line":18,"column":2},"end":{"line":18,"column":null}}},"fnMap":{"0":{"name":"useIsMobile","decl":{"start":{"line":5,"column":16},"end":{"line":5,"column":27}},"loc":{"start":{"line":5,"column":27},"end":{"line":19,"column":1}}},"1":{"name":"(anonymous_1)","decl":{"start":{"line":8,"column":18},"end":{"line":8,"column":21}},"loc":{"start":{"line":8,"column":23},"end":{"line":16,"column":3}}},"2":{"name":"(anonymous_2)","decl":{"start":{"line":10,"column":21},"end":{"line":10,"column":24}},"loc":{"start":{"line":10,"column":26},"end":{"line":12,"column":5}}},"3":{"name":"(anonymous_3)","decl":{"start":{"line":15,"column":11},"end":{"line":15,"column":14}},"loc":{"start":{"line":15,"column":17},"end":{"line":15,"column":60}}}},"branchMap":{},"s":{"0":0,"1":0,"2":0,"3":0,"4":0,"5":0,"6":0,"7":0,"8":0,"9":0,"10":0,"11":0,"12":0},"f":{"0":0,"1":0,"2":0,"3":0},"b":{}}
,"/workspace/src/hooks/useLanguageDetection.tsx": {"path":"/workspace/src/hooks/useLanguageDetection.tsx","statementMap":{"0":{"start":{"line":1,"column":0},"end":{"line":1,"column":44}},"1":{"start":{"line":11,"column":21},"end":{"line":135,"column":2}},"2":{"start":{"line":137,"column":30},"end":{"line":140,"column":1}},"3":{"start":{"line":138,"column":22},"end":{"line":138,"column":75}},"4":{"start":{"line":139,"column":2},"end":{"line":139,"column":71}},"5":{"start":{"line":142,"column":36},"end":{"line":161,"column":1}},"6":{"start":{"line":143,"column":39},"end":{"line":146,"column":4}},"7":{"start":{"line":144,"column":19},"end":{"line":144,"column":82}},"8":{"start":{"line":145,"column":4},"end":{"line":145,"column":45}},"9":{"start":{"line":148,"column":2},"end":{"line":150,"column":17}},"10":{"start":{"line":149,"column":4},"end":{"line":149,"column":57}},"11":{"start":{"line":152,"column":22},"end":{"line":154,"column":3}},"12":{"start":{"line":153,"column":4},"end":{"line":153,"column":27}},"13":{"start":{"line":156,"column":12},"end":{"line":158,"column":3}},"14":{"start":{"line":157,"column":4},"end":{"line":157,"column":46}},"15":{"start":{"line":160,"column":2},"end":{"line":160,"column":38}},"16":{"start":{"line":142,"column":13},"end":{"line":142,"column":36}}},"fnMap":{"0":{"name":"(anonymous_0)","decl":{"start":{"line":137,"column":30},"end":{"line":137,"column":52}},"loc":{"start":{"line":137,"column":54},"end":{"line":140,"column":1}}},"1":{"name":"(anonymous_1)","decl":{"start":{"line":142,"column":36},"end":{"line":142,"column":62}},"loc":{"start":{"line":142,"column":64},"end":{"line":161,"column":1}}},"2":{"name":"(anonymous_2)","decl":{"start":{"line":143,"column":67},"end":{"line":143,"column":70}},"loc":{"start":{"line":143,"column":72},"end":{"line":146,"column":3}}},"3":{"name":"(anonymous_3)","decl":{"start":{"line":148,"column":12},"end":{"line":148,"column":15}},"loc":{"start":{"line":148,"column":17},"end":{"line":150,"column":3}}},"4":{"name":"(anonymous_4)","decl":{"start":{"line":152,"column":22},"end":{"line":152,"column":23}},"loc":{"start":{"line":152,"column":50},"end":{"line":154,"column":3}}},"5":{"name":"(anonymous_5)","decl":{"start":{"line":156,"column":12},"end":{"line":156,"column":13}},"loc":{"start":{"line":156,"column":36},"end":{"line":158,"column":3}}}},"branchMap":{"0":{"loc":{"start":{"line":139,"column":9},"end":{"line":139,"column":70}},"type":"cond-expr","locations":[{"start":{"line":139,"column":52},"end":{"line":139,"column":63}},{"start":{"line":139,"column":66},"end":{"line":139,"column":70}}]},"1":{"loc":{"start":{"line":145,"column":11},"end":{"line":145,"column":44}},"type":"binary-expr","locations":[{"start":{"line":145,"column":11},"end":{"line":145,"column":17}},{"start":{"line":145,"column":21},"end":{"line":145,"column":44}}]},"2":{"loc":{"start":{"line":157,"column":11},"end":{"line":157,"column":45}},"type":"binary-expr","locations":[{"start":{"line":157,"column":11},"end":{"line":157,"column":38}},{"start":{"line":157,"column":42},"end":{"line":157,"column":45}}]}},"s":{"0":0,"1":0,"2":0,"3":0,"4":0,"5":0,"6":0,"7":0,"8":0,"9":0,"10":0,"11":0,"12":0,"13":0,"14":0,"15":0,"16":0},"f":{"0":0,"1":0,"2":0,"3":0,"4":0,"5":0},"b":{"0":[0,0],"1":[0,0],"2":[0,0]}}
,"/workspace/src/hooks/useRetry.tsx": {"path":"/workspace/src/hooks/useRetry.tsx","statementMap":{"0":{"start":{"line":1,"column":0},"end":{"line":1,"column":46}},"1":{"start":{"line":9,"column":24},"end":{"line":63,"column":1}},"2":{"start":{"line":10,"column":59},"end":{"line":10,"column":66}},"3":{"start":{"line":11,"column":38},"end":{"line":11,"column":49}},"4":{"start":{"line":12,"column":38},"end":{"line":12,"column":53}},"5":{"start":{"line":14,"column":16},"end":{"line":50,"column":34}},"6":{"start":{"line":17,"column":18},"end":{"line":50,"column":5}},"7":{"start":{"line":18,"column":34},"end":{"line":18,"column":38}},"8":{"start":{"line":20,"column":4},"end":{"line":47,"column":5}},"9":{"start":{"line":20,"column":23},"end":{"line":20,"column":24}},"10":{"start":{"line":21,"column":6},"end":{"line":46,"column":7}},"11":{"start":{"line":22,"column":8},"end":{"line":22,"column":31}},"12":{"start":{"line":23,"column":8},"end":{"line":23,"column":35}},"13":{"start":{"line":25,"column":8},"end":{"line":28,"column":9}},"14":{"start":{"line":26,"column":27},"end":{"line":26,"column":77}},"15":{"start":{"line":27,"column":10},"end":{"line":27,"column":70}},"16":{"start":{"line":27,"column":39},"end":{"line":27,"column":68}},"17":{"start":{"line":30,"column":23},"end":{"line":30,"column":33}},"18":{"start":{"line":31,"column":8},"end":{"line":31,"column":25}},"19":{"start":{"line":32,"column":8},"end":{"line":32,"column":29}},"20":{"start":{"line":33,"column":8},"end":{"line":33,"column":22}},"21":{"start":{"line":35,"column":8},"end":{"line":35,"column":35}},"22":{"start":{"line":36,"column":8},"end":{"line":36,"column":62}},"23":{"start":{"line":38,"column":8},"end":{"line":40,"column":9}},"24":{"start":{"line":39,"column":10},"end":{"line":39,"column":38}},"25":{"start":{"line":42,"column":8},"end":{"line":45,"column":9}},"26":{"start":{"line":43,"column":10},"end":{"line":43,"column":31}},"27":{"start":{"line":44,"column":10},"end":{"line":44,"column":26}},"28":{"start":{"line":49,"column":4},"end":{"line":49,"column":20}},"29":{"start":{"line":52,"column":16},"end":{"line":55,"column":8}},"30":{"start":{"line":53,"column":4},"end":{"line":53,"column":21}},"31":{"start":{"line":54,"column":4},"end":{"line":54,"column":25}},"32":{"start":{"line":57,"column":2},"end":{"line":62,"column":4}},"33":{"start":{"line":9,"column":13},"end":{"line":9,"column":24}}},"fnMap":{"0":{"name":"(anonymous_7)","decl":{"start":{"line":9,"column":24},"end":{"line":9,"column":25}},"loc":{"start":{"line":9,"column":58},"end":{"line":63,"column":1}}},"1":{"name":"(anonymous_8)","decl":{"start":{"line":14,"column":28},"end":{"line":14,"column":null}},"loc":{"start":{"line":17,"column":18},"end":{"line":50,"column":5}}},"2":{"name":"(anonymous_9)","decl":{"start":{"line":17,"column":18},"end":{"line":17,"column":null}},"loc":{"start":{"line":17,"column":18},"end":{"line":50,"column":3}}},"3":{"name":"(anonymous_10)","decl":{"start":{"line":27,"column":28},"end":{"line":27,"column":35}},"loc":{"start":{"line":27,"column":39},"end":{"line":27,"column":68}}},"4":{"name":"(anonymous_11)","decl":{"start":{"line":52,"column":28},"end":{"line":52,"column":31}},"loc":{"start":{"line":52,"column":33},"end":{"line":55,"column":3}}}},"branchMap":{"0":{"loc":{"start":{"line":9,"column":25},"end":{"line":9,"column":54}},"type":"default-arg","locations":[{"start":{"line":9,"column":52},"end":{"line":9,"column":54}}]},"1":{"loc":{"start":{"line":10,"column":10},"end":{"line":10,"column":24}},"type":"default-arg","locations":[{"start":{"line":10,"column":23},"end":{"line":10,"column":24}}]},"2":{"loc":{"start":{"line":10,"column":26},"end":{"line":10,"column":38}},"type":"default-arg","locations":[{"start":{"line":10,"column":34},"end":{"line":10,"column":38}}]},"3":{"loc":{"start":{"line":10,"column":40},"end":{"line":10,"column":54}},"type":"default-arg","locations":[{"start":{"line":10,"column":50},"end":{"line":10,"column":54}}]},"4":{"loc":{"start":{"line":25,"column":8},"end":{"line":28,"column":9}},"type":"if","locations":[{"start":{"line":25,"column":8},"end":{"line":28,"column":9}}]},"5":{"loc":{"start":{"line":26,"column":27},"end":{"line":26,"column":77}},"type":"cond-expr","locations":[{"start":{"line":26,"column":37},"end":{"line":26,"column":69}},{"start":{"line":26,"column":72},"end":{"line":26,"column":77}}]},"6":{"loc":{"start":{"line":38,"column":8},"end":{"line":40,"column":9}},"type":"if","locations":[{"start":{"line":38,"column":8},"end":{"line":40,"column":9}}]},"7":{"loc":{"start":{"line":42,"column":8},"end":{"line":45,"column":9}},"type":"if","locations":[{"start":{"line":42,"column":8},"end":{"line":45,"column":9}}]}},"s":{"0":0,"1":0,"2":0,"3":0,"4":0,"5":0,"6":0,"7":0,"8":0,"9":0,"10":0,"11":0,"12":0,"13":0,"14":0,"15":0,"16":0,"17":0,"18":0,"19":0,"20":0,"21":0,"22":0,"23":0,"24":0,"25":0,"26":0,"27":0,"28":0,"29":0,"30":0,"31":0,"32":0,"33":0},"f":{"0":0,"1":0,"2":0,"3":0,"4":0},"b":{"0":[0],"1":[0],"2":[0],"3":[0],"4":[0],"5":[0,0],"6":[0],"7":[0]}}
,"/workspace/src/integrations/supabase/client.ts": {"path":"/workspace/src/integrations/supabase/client.ts","statementMap":{"0":{"start":{"line":2,"column":0},"end":{"line":2,"column":53}},"1":{"start":{"line":5,"column":21},"end":{"line":5,"column":63}},"2":{"start":{"line":6,"column":33},"end":{"line":6,"column":243}},"3":{"start":{"line":11,"column":13},"end":{"line":17,"column":3}}},"fnMap":{},"branchMap":{},"s":{"0":0,"1":0,"2":0,"3":0},"f":{},"b":{}}
,"/workspace/src/integrations/supabase/types.ts": {"path":"/workspace/src/integrations/supabase/types.ts","statementMap":{"0":{"start":{"line":1326,"column":13},"end":{"line":1334,"column":null}}},"fnMap":{},"branchMap":{},"s":{"0":0},"f":{},"b":{}}
,"/workspace/src/lib/languages.ts": {"path":"/workspace/src/lib/languages.ts","statementMap":{"0":{"start":{"line":578,"column":0},"end":{"line":578,"column":16}},"1":{"start":{"line":586,"column":0},"end":{"line":586,"column":16}},"2":{"start":{"line":590,"column":0},"end":{"line":590,"column":16}},"3":{"start":{"line":3,"column":13},"end":{"line":28,"column":2}},"4":{"start":{"line":30,"column":13},"end":{"line":30,"column":37}},"5":{"start":{"line":32,"column":13},"end":{"line":576,"column":2}},"6":{"start":{"line":579,"column":23},"end":{"line":579,"column":74}},"7":{"start":{"line":580,"column":2},"end":{"line":582,"column":3}},"8":{"start":{"line":581,"column":4},"end":{"line":581,"column":108}},"9":{"start":{"line":583,"column":2},"end":{"line":583,"column":63}},"10":{"start":{"line":587,"column":2},"end":{"line":587,"column":44}},"11":{"start":{"line":591,"column":2},"end":{"line":591,"column":41}}},"fnMap":{"0":{"name":"getTranslation","decl":{"start":{"line":578,"column":16},"end":{"line":578,"column":30}},"loc":{"start":{"line":578,"column":79},"end":{"line":584,"column":1}}},"1":{"name":"getSupportedLanguages","decl":{"start":{"line":586,"column":16},"end":{"line":586,"column":37}},"loc":{"start":{"line":586,"column":37},"end":{"line":588,"column":1}}},"2":{"name":"isValidLanguage","decl":{"start":{"line":590,"column":16},"end":{"line":590,"column":31}},"loc":{"start":{"line":590,"column":48},"end":{"line":592,"column":1}}}},"branchMap":{"0":{"loc":{"start":{"line":578,"column":44},"end":{"line":578,"column":79}},"type":"default-arg","locations":[{"start":{"line":578,"column":63},"end":{"line":578,"column":79}}]},"1":{"loc":{"start":{"line":580,"column":2},"end":{"line":582,"column":3}},"type":"if","locations":[{"start":{"line":580,"column":2},"end":{"line":582,"column":3}}]},"2":{"loc":{"start":{"line":581,"column":11},"end":{"line":581,"column":107}},"type":"binary-expr","locations":[{"start":{"line":581,"column":11},"end":{"line":581,"column":100}},{"start":{"line":581,"column":104},"end":{"line":581,"column":107}}]},"3":{"loc":{"start":{"line":583,"column":9},"end":{"line":583,"column":62}},"type":"binary-expr","locations":[{"start":{"line":583,"column":9},"end":{"line":583,"column":55}},{"start":{"line":583,"column":59},"end":{"line":583,"column":62}}]}},"s":{"0":0,"1":0,"2":0,"3":0,"4":0,"5":0,"6":0,"7":0,"8":0,"9":0,"10":0,"11":0},"f":{"0":0,"1":0,"2":0},"b":{"0":[0],"1":[0],"2":[0,0],"3":[0,0]}}
,"/workspace/src/lib/mockApi.ts": {"path":"/workspace/src/lib/mockApi.ts","statementMap":{"0":{"start":{"line":68,"column":0},"end":{"line":68,"column":22}},"1":{"start":{"line":72,"column":0},"end":{"line":72,"column":22}},"2":{"start":{"line":82,"column":0},"end":{"line":82,"column":22}},"3":{"start":{"line":106,"column":0},"end":{"line":106,"column":22}},"4":{"start":{"line":117,"column":0},"end":{"line":117,"column":22}},"5":{"start":{"line":121,"column":0},"end":{"line":121,"column":22}},"6":{"start":{"line":4,"column":0},"end":{"line":4,"column":36}},"7":{"start":{"line":32,"column":40},"end":{"line":50,"column":2}},"8":{"start":{"line":52,"column":50},"end":{"line":52,"column":52}},"9":{"start":{"line":55,"column":14},"end":{"line":55,"column":69}},"10":{"start":{"line":55,"column":30},"end":{"line":55,"column":69}},"11":{"start":{"line":55,"column":49},"end":{"line":55,"column":68}},"12":{"start":{"line":58,"column":2},"end":{"line":65,"column":3}},"13":{"start":{"line":59,"column":4},"end":{"line":59,"column":21}},"14":{"start":{"line":60,"column":17},"end":{"line":60,"column":21}},"15":{"start":{"line":61,"column":4},"end":{"line":61,"column":33}},"16":{"start":{"line":63,"column":20},"end":{"line":63,"column":72}},"17":{"start":{"line":64,"column":4},"end":{"line":64,"column":42}},"18":{"start":{"line":69,"column":2},"end":{"line":69,"column":38}},"19":{"start":{"line":69,"column":24},"end":{"line":69,"column":36}},"20":{"start":{"line":72,"column":47},"end":{"line":80,"column":null}},"21":{"start":{"line":73,"column":33},"end":{"line":73,"column":37}},"22":{"start":{"line":74,"column":2},"end":{"line":78,"column":3}},"23":{"start":{"line":74,"column":15},"end":{"line":74,"column":16}},"24":{"start":{"line":75,"column":16},"end":{"line":75,"column":39}},"25":{"start":{"line":76,"column":4},"end":{"line":76,"column":31}},"26":{"start":{"line":76,"column":20},"end":{"line":76,"column":31}},"27":{"start":{"line":77,"column":4},"end":{"line":77,"column":26}},"28":{"start":{"line":79,"column":2},"end":{"line":79,"column":75}},"29":{"start":{"line":83,"column":2},"end":{"line":103,"column":5}},"30":{"start":{"line":84,"column":27},"end":{"line":84,"column":35}},"31":{"start":{"line":85,"column":4},"end":{"line":101,"column":7}},"32":{"start":{"line":102,"column":4},"end":{"line":102,"column":30}},"33":{"start":{"line":107,"column":2},"end":{"line":114,"column":5}},"34":{"start":{"line":108,"column":22},"end":{"line":108,"column":46}},"35":{"start":{"line":109,"column":17},"end":{"line":109,"column":48}},"36":{"start":{"line":110,"column":16},"end":{"line":110,"column":46}},"37":{"start":{"line":111,"column":4},"end":{"line":111,"column":22}},"38":{"start":{"line":112,"column":4},"end":{"line":112,"column":37}},"39":{"start":{"line":113,"column":4},"end":{"line":113,"column":18}},"40":{"start":{"line":118,"column":2},"end":{"line":118,"column":57}},"41":{"start":{"line":118,"column":25},"end":{"line":118,"column":54}},"42":{"start":{"line":122,"column":2},"end":{"line":122,"column":68}},"43":{"start":{"line":122,"column":25},"end":{"line":122,"column":65}}},"fnMap":{"0":{"name":"(anonymous_7)","decl":{"start":{"line":55,"column":14},"end":{"line":55,"column":15}},"loc":{"start":{"line":55,"column":30},"end":{"line":55,"column":69}}},"1":{"name":"(anonymous_8)","decl":{"start":{"line":55,"column":42},"end":{"line":55,"column":45}},"loc":{"start":{"line":55,"column":49},"end":{"line":55,"column":68}}},"2":{"name":"simulate","decl":{"start":{"line":57,"column":15},"end":{"line":57,"column":23}},"loc":{"start":{"line":57,"column":38},"end":{"line":66,"column":null}}},"3":{"name":"getAppointments","decl":{"start":{"line":68,"column":22},"end":{"line":68,"column":37}},"loc":{"start":{"line":68,"column":37},"end":{"line":70,"column":null}}},"4":{"name":"(anonymous_13)","decl":{"start":{"line":69,"column":18},"end":{"line":69,"column":21}},"loc":{"start":{"line":69,"column":24},"end":{"line":69,"column":36}}},"5":{"name":"getAppointmentsWithRetry","decl":{"start":{"line":72,"column":22},"end":{"line":72,"column":46}},"loc":{"start":{"line":72,"column":46},"end":{"line":80,"column":null}}},"6":{"name":"(anonymous_15)","decl":{"start":{"line":72,"column":47},"end":{"line":72,"column":54}},"loc":{"start":{"line":72,"column":58},"end":{"line":80,"column":1}}},"7":{"name":"bookAppointment","decl":{"start":{"line":82,"column":22},"end":{"line":82,"column":37}},"loc":{"start":{"line":82,"column":37},"end":{"line":104,"column":null}}},"8":{"name":"(anonymous_18)","decl":{"start":{"line":83,"column":18},"end":{"line":83,"column":21}},"loc":{"start":{"line":83,"column":23},"end":{"line":103,"column":3}}},"9":{"name":"saveMedicalRecord","decl":{"start":{"line":106,"column":22},"end":{"line":106,"column":39}},"loc":{"start":{"line":106,"column":71},"end":{"line":115,"column":null}}},"10":{"name":"(anonymous_21)","decl":{"start":{"line":107,"column":18},"end":{"line":107,"column":21}},"loc":{"start":{"line":107,"column":23},"end":{"line":114,"column":3}}},"11":{"name":"getAnalytics","decl":{"start":{"line":117,"column":22},"end":{"line":117,"column":34}},"loc":{"start":{"line":117,"column":34},"end":{"line":119,"column":null}}},"12":{"name":"(anonymous_24)","decl":{"start":{"line":118,"column":18},"end":{"line":118,"column":21}},"loc":{"start":{"line":118,"column":25},"end":{"line":118,"column":54}}},"13":{"name":"getTriageInfo","decl":{"start":{"line":121,"column":22},"end":{"line":121,"column":35}},"loc":{"start":{"line":121,"column":35},"end":{"line":123,"column":null}}},"14":{"name":"(anonymous_27)","decl":{"start":{"line":122,"column":18},"end":{"line":122,"column":21}},"loc":{"start":{"line":122,"column":25},"end":{"line":122,"column":65}}}},"branchMap":{"0":{"loc":{"start":{"line":63,"column":20},"end":{"line":63,"column":72}},"type":"cond-expr","locations":[{"start":{"line":63,"column":43},"end":{"line":63,"column":54}},{"start":{"line":63,"column":57},"end":{"line":63,"column":72}}]},"1":{"loc":{"start":{"line":72,"column":47},"end":{"line":72,"column":58}},"type":"default-arg","locations":[{"start":{"line":72,"column":57},"end":{"line":72,"column":58}}]},"2":{"loc":{"start":{"line":76,"column":4},"end":{"line":76,"column":31}},"type":"if","locations":[{"start":{"line":76,"column":4},"end":{"line":76,"column":31}}]},"3":{"loc":{"start":{"line":79,"column":30},"end":{"line":79,"column":72}},"type":"binary-expr","locations":[{"start":{"line":79,"column":30},"end":{"line":79,"column":39}},{"start":{"line":79,"column":43},"end":{"line":79,"column":72}}]},"4":{"loc":{"start":{"line":109,"column":17},"end":{"line":109,"column":48}},"type":"binary-expr","locations":[{"start":{"line":109,"column":17},"end":{"line":109,"column":42}},{"start":{"line":109,"column":46},"end":{"line":109,"column":48}}]}},"s":{"0":0,"1":0,"2":0,"3":0,"4":0,"5":0,"6":0,"7":0,"8":0,"9":0,"10":0,"11":0,"12":0,"13":0,"14":0,"15":0,"16":0,"17":0,"18":0,"19":0,"20":0,"21":0,"22":0,"23":0,"24":0,"25":0,"26":0,"27":0,"28":0,"29":0,"30":0,"31":0,"32":0,"33":0,"34":0,"35":0,"36":0,"37":0,"38":0,"39":0,"40":0,"41":0,"42":0,"43":0},"f":{"0":0,"1":0,"2":0,"3":0,"4":0,"5":0,"6":0,"7":0,"8":0,"9":0,"10":0,"11":0,"12":0,"13":0,"14":0},"b":{"0":[0,0],"1":[0],"2":[0],"3":[0,0],"4":[0,0]}}
,"/workspace/src/lib/profileUtils.ts": {"path":"/workspace/src/lib/profileUtils.ts","statementMap":{"0":{"start":{"line":1,"column":0},"end":{"line":1,"column":58}},"1":{"start":{"line":15,"column":31},"end":{"line":85,"column":2}},"2":{"start":{"line":15,"column":78},"end":{"line":85,"column":2}},"3":{"start":{"line":16,"column":2},"end":{"line":84,"column":3}},"4":{"start":{"line":17,"column":4},"end":{"line":17,"column":58}},"5":{"start":{"line":18,"column":4},"end":{"line":18,"column":54}},"6":{"start":{"line":21,"column":4},"end":{"line":23,"column":5}},"7":{"start":{"line":22,"column":6},"end":{"line":22,"column":63}},"8":{"start":{"line":26,"column":47},"end":{"line":32,"column":6}},"9":{"start":{"line":36,"column":4},"end":{"line":38,"column":5}},"10":{"start":{"line":37,"column":6},"end":{"line":37,"column":61}},"11":{"start":{"line":39,"column":4},"end":{"line":41,"column":5}},"12":{"start":{"line":40,"column":6},"end":{"line":40,"column":81}},"13":{"start":{"line":47,"column":4},"end":{"line":47,"column":52}},"14":{"start":{"line":50,"column":28},"end":{"line":54,"column":15}},"15":{"start":{"line":56,"column":4},"end":{"line":59,"column":5}},"16":{"start":{"line":57,"column":6},"end":{"line":57,"column":51}},"17":{"start":{"line":58,"column":6},"end":{"line":58,"column":18}},"18":{"start":{"line":61,"column":4},"end":{"line":61,"column":51}},"19":{"start":{"line":64,"column":53},"end":{"line":68,"column":15}},"20":{"start":{"line":70,"column":4},"end":{"line":73,"column":5}},"21":{"start":{"line":71,"column":6},"end":{"line":71,"column":56}},"22":{"start":{"line":72,"column":6},"end":{"line":72,"column":53}},"23":{"start":{"line":75,"column":4},"end":{"line":75,"column":52}},"24":{"start":{"line":78,"column":4},"end":{"line":78,"column":70}},"25":{"start":{"line":80,"column":4},"end":{"line":80,"column":47}},"26":{"start":{"line":82,"column":4},"end":{"line":82,"column":49}},"27":{"start":{"line":83,"column":4},"end":{"line":83,"column":16}},"28":{"start":{"line":15,"column":13},"end":{"line":15,"column":31}},"29":{"start":{"line":87,"column":31},"end":{"line":138,"column":2}},"30":{"start":{"line":87,"column":74},"end":{"line":138,"column":2}},"31":{"start":{"line":88,"column":2},"end":{"line":137,"column":3}},"32":{"start":{"line":89,"column":4},"end":{"line":89,"column":59}},"33":{"start":{"line":92,"column":28},"end":{"line":96,"column":15}},"34":{"start":{"line":98,"column":4},"end":{"line":101,"column":5}},"35":{"start":{"line":99,"column":6},"end":{"line":99,"column":51}},"36":{"start":{"line":100,"column":6},"end":{"line":100,"column":18}},"37":{"start":{"line":103,"column":4},"end":{"line":103,"column":60}},"38":{"start":{"line":105,"column":37},"end":{"line":114,"column":6}},"39":{"start":{"line":116,"column":4},"end":{"line":116,"column":56}},"40":{"start":{"line":119,"column":4},"end":{"line":119,"column":33}},"41":{"start":{"line":120,"column":4},"end":{"line":120,"column":44}},"42":{"start":{"line":121,"column":4},"end":{"line":121,"column":64}},"43":{"start":{"line":122,"column":4},"end":{"line":122,"column":56}},"44":{"start":{"line":123,"column":4},"end":{"line":123,"column":60}},"45":{"start":{"line":125,"column":4},"end":{"line":125,"column":23}},"46":{"start":{"line":127,"column":4},"end":{"line":127,"column":49}},"47":{"start":{"line":130,"column":19},"end":{"line":130,"column":57}},"48":{"start":{"line":131,"column":4},"end":{"line":134,"column":5}},"49":{"start":{"line":132,"column":6},"end":{"line":132,"column":54}},"50":{"start":{"line":133,"column":6},"end":{"line":133,"column":32}},"51":{"start":{"line":136,"column":4},"end":{"line":136,"column":16}},"52":{"start":{"line":87,"column":13},"end":{"line":87,"column":31}},"53":{"start":{"line":140,"column":38},"end":{"line":160,"column":2}},"54":{"start":{"line":140,"column":49},"end":{"line":160,"column":2}},"55":{"start":{"line":141,"column":2},"end":{"line":159,"column":3}},"56":{"start":{"line":142,"column":4},"end":{"line":142,"column":50}},"57":{"start":{"line":144,"column":28},"end":{"line":147,"column":15}},"58":{"start":{"line":149,"column":4},"end":{"line":152,"column":5}},"59":{"start":{"line":150,"column":6},"end":{"line":150,"column":63}},"60":{"start":{"line":151,"column":6},"end":{"line":151,"column":39}},"61":{"start":{"line":154,"column":4},"end":{"line":154,"column":50}},"62":{"start":{"line":155,"column":4},"end":{"line":155,"column":29}},"63":{"start":{"line":157,"column":4},"end":{"line":157,"column":61}},"64":{"start":{"line":158,"column":4},"end":{"line":158,"column":37}},"65":{"start":{"line":140,"column":13},"end":{"line":140,"column":38}}},"fnMap":{"0":{"name":"(anonymous_7)","decl":{"start":{"line":15,"column":31},"end":{"line":15,"column":38}},"loc":{"start":{"line":15,"column":78},"end":{"line":85,"column":2}}},"1":{"name":"(anonymous_8)","decl":{"start":{"line":15,"column":78},"end":{"line":15,"column":null}},"loc":{"start":{"line":15,"column":78},"end":{"line":85,"column":1}}},"2":{"name":"(anonymous_9)","decl":{"start":{"line":87,"column":31},"end":{"line":87,"column":38}},"loc":{"start":{"line":87,"column":74},"end":{"line":138,"column":2}}},"3":{"name":"(anonymous_10)","decl":{"start":{"line":87,"column":74},"end":{"line":87,"column":null}},"loc":{"start":{"line":87,"column":74},"end":{"line":138,"column":1}}},"4":{"name":"(anonymous_11)","decl":{"start":{"line":140,"column":38},"end":{"line":140,"column":47}},"loc":{"start":{"line":140,"column":49},"end":{"line":160,"column":2}}},"5":{"name":"(anonymous_12)","decl":{"start":{"line":140,"column":49},"end":{"line":140,"column":null}},"loc":{"start":{"line":140,"column":49},"end":{"line":160,"column":1}}}},"branchMap":{"0":{"loc":{"start":{"line":21,"column":4},"end":{"line":23,"column":5}},"type":"if","locations":[{"start":{"line":21,"column":4},"end":{"line":23,"column":5}}]},"1":{"loc":{"start":{"line":21,"column":8},"end":{"line":21,"column":57}},"type":"binary-expr","locations":[{"start":{"line":21,"column":8},"end":{"line":21,"column":31}},{"start":{"line":21,"column":35},"end":{"line":21,"column":57}}]},"2":{"loc":{"start":{"line":29,"column":13},"end":{"line":29,"column":46}},"type":"binary-expr","locations":[{"start":{"line":29,"column":13},"end":{"line":29,"column":38}},{"start":{"line":29,"column":42},"end":{"line":29,"column":46}}]},"3":{"loc":{"start":{"line":29,"column":13},"end":{"line":29,"column":38}},"type":"cond-expr","locations":[{"start":{"line":29,"column":30},"end":{"line":29,"column":32}},{"start":{"line":29,"column":30},"end":{"line":29,"column":38}}]},"4":{"loc":{"start":{"line":29,"column":13},"end":{"line":29,"column":32}},"type":"binary-expr","locations":[{"start":{"line":29,"column":13},"end":{"line":29,"column":32}},{"start":{"line":29,"column":30},"end":{"line":29,"column":32}}]},"5":{"loc":{"start":{"line":30,"column":21},"end":{"line":30,"column":54}},"type":"binary-expr","locations":[{"start":{"line":30,"column":21},"end":{"line":30,"column":46}},{"start":{"line":30,"column":50},"end":{"line":30,"column":54}}]},"6":{"loc":{"start":{"line":31,"column":23},"end":{"line":31,"column":66}},"type":"binary-expr","locations":[{"start":{"line":31,"column":23},"end":{"line":31,"column":58}},{"start":{"line":31,"column":62},"end":{"line":31,"column":66}}]},"7":{"loc":{"start":{"line":31,"column":23},"end":{"line":31,"column":58}},"type":"cond-expr","locations":[{"start":{"line":31,"column":50},"end":{"line":31,"column":52}},{"start":{"line":31,"column":50},"end":{"line":31,"column":58}}]},"8":{"loc":{"start":{"line":31,"column":23},"end":{"line":31,"column":52}},"type":"binary-expr","locations":[{"start":{"line":31,"column":23},"end":{"line":31,"column":52}},{"start":{"line":31,"column":50},"end":{"line":31,"column":52}}]},"9":{"loc":{"start":{"line":36,"column":4},"end":{"line":38,"column":5}},"type":"if","locations":[{"start":{"line":36,"column":4},"end":{"line":38,"column":5}}]},"10":{"loc":{"start":{"line":37,"column":26},"end":{"line":37,"column":60}},"type":"binary-expr","locations":[{"start":{"line":37,"column":26},"end":{"line":37,"column":52}},{"start":{"line":37,"column":56},"end":{"line":37,"column":60}}]},"11":{"loc":{"start":{"line":39,"column":4},"end":{"line":41,"column":5}},"type":"if","locations":[{"start":{"line":39,"column":4},"end":{"line":41,"column":5}}]},"12":{"loc":{"start":{"line":40,"column":36},"end":{"line":40,"column":80}},"type":"binary-expr","locations":[{"start":{"line":40,"column":36},"end":{"line":40,"column":72}},{"start":{"line":40,"column":76},"end":{"line":40,"column":80}}]},"13":{"loc":{"start":{"line":56,"column":4},"end":{"line":59,"column":5}},"type":"if","locations":[{"start":{"line":56,"column":4},"end":{"line":59,"column":5}}]},"14":{"loc":{"start":{"line":70,"column":4},"end":{"line":73,"column":5}},"type":"if","locations":[{"start":{"line":70,"column":4},"end":{"line":73,"column":5}}]},"15":{"loc":{"start":{"line":98,"column":4},"end":{"line":101,"column":5}},"type":"if","locations":[{"start":{"line":98,"column":4},"end":{"line":101,"column":5}}]},"16":{"loc":{"start":{"line":106,"column":18},"end":{"line":106,"column":39}},"type":"binary-expr","locations":[{"start":{"line":106,"column":18},"end":{"line":106,"column":33}},{"start":{"line":106,"column":37},"end":{"line":106,"column":39}}]},"17":{"loc":{"start":{"line":107,"column":17},"end":{"line":107,"column":37}},"type":"binary-expr","locations":[{"start":{"line":107,"column":17},"end":{"line":107,"column":31}},{"start":{"line":107,"column":35},"end":{"line":107,"column":37}}]},"18":{"loc":{"start":{"line":108,"column":13},"end":{"line":108,"column":29}},"type":"binary-expr","locations":[{"start":{"line":108,"column":13},"end":{"line":108,"column":23}},{"start":{"line":108,"column":27},"end":{"line":108,"column":29}}]},"19":{"loc":{"start":{"line":109,"column":21},"end":{"line":109,"column":45}},"type":"binary-expr","locations":[{"start":{"line":109,"column":21},"end":{"line":109,"column":39}},{"start":{"line":109,"column":43},"end":{"line":109,"column":45}}]},"20":{"loc":{"start":{"line":110,"column":23},"end":{"line":110,"column":49}},"type":"binary-expr","locations":[{"start":{"line":110,"column":23},"end":{"line":110,"column":43}},{"start":{"line":110,"column":47},"end":{"line":110,"column":49}}]},"21":{"loc":{"start":{"line":111,"column":15},"end":{"line":111,"column":33}},"type":"binary-expr","locations":[{"start":{"line":111,"column":15},"end":{"line":111,"column":27}},{"start":{"line":111,"column":31},"end":{"line":111,"column":33}}]},"22":{"loc":{"start":{"line":112,"column":25},"end":{"line":112,"column":53}},"type":"binary-expr","locations":[{"start":{"line":112,"column":25},"end":{"line":112,"column":47}},{"start":{"line":112,"column":51},"end":{"line":112,"column":53}}]},"23":{"loc":{"start":{"line":131,"column":4},"end":{"line":134,"column":5}},"type":"if","locations":[{"start":{"line":131,"column":4},"end":{"line":134,"column":5}}]},"24":{"loc":{"start":{"line":149,"column":4},"end":{"line":152,"column":5}},"type":"if","locations":[{"start":{"line":149,"column":4},"end":{"line":152,"column":5}}]}},"s":{"0":0,"1":0,"2":0,"3":0,"4":0,"5":0,"6":0,"7":0,"8":0,"9":0,"10":0,"11":0,"12":0,"13":0,"14":0,"15":0,"16":0,"17":0,"18":0,"19":0,"20":0,"21":0,"22":0,"23":0,"24":0,"25":0,"26":0,"27":0,"28":0,"29":0,"30":0,"31":0,"32":0,"33":0,"34":0,"35":0,"36":0,"37":0,"38":0,"39":0,"40":0,"41":0,"42":0,"43":0,"44":0,"45":0,"46":0,"47":0,"48":0,"49":0,"50":0,"51":0,"52":0,"53":0,"54":0,"55":0,"56":0,"57":0,"58":0,"59":0,"60":0,"61":0,"62":0,"63":0,"64":0,"65":0},"f":{"0":0,"1":0,"2":0,"3":0,"4":0,"5":0},"b":{"0":[0],"1":[0,0],"2":[0,0],"3":[0,0],"4":[0,0],"5":[0,0],"6":[0,0],"7":[0,0],"8":[0,0],"9":[0],"10":[0,0],"11":[0],"12":[0,0],"13":[0],"14":[0],"15":[0],"16":[0,0],"17":[0,0],"18":[0,0],"19":[0,0],"20":[0,0],"21":[0,0],"22":[0,0],"23":[0],"24":[0]}}
,"/workspace/src/lib/utils.ts": {"path":"/workspace/src/lib/utils.ts","statementMap":{"0":{"start":{"line":4,"column":0},"end":{"line":4,"column":16}},"1":{"start":{"line":1,"column":0},"end":{"line":1,"column":44}},"2":{"start":{"line":2,"column":0},"end":{"line":2,"column":40}},"3":{"start":{"line":5,"column":2},"end":{"line":5,"column":null}}},"fnMap":{"0":{"name":"cn","decl":{"start":{"line":4,"column":16},"end":{"line":4,"column":18}},"loc":{"start":{"line":4,"column":42},"end":{"line":6,"column":1}}}},"branchMap":{},"s":{"0":0,"1":0,"2":0,"3":0},"f":{"0":0},"b":{}}
}
